# JRE version: OpenJDK Runtime Environment Temurin-21.0.5+11 (21.0.5+11) (build 21.0.5+11-LTS)
# Java VM: OpenJDK 64-Bit Server VM Temurin-21.0.5+11 (21.0.5+11-LTS, mixed mode, sharing, tiered, compressed oops, compressed class ptrs, parallel gc, windows-amd64)
GC Precious Log:
 CardTable entry size: 512
 CPUs: 8 total, 8 available
 Memory: 8059M
 Large Page Support: Disabled
 NUMA Support: Disabled
 Compressed Oops: Enabled (32-bit)
 Alignments: Space 512K, Generation 512K, Heap 2M
 Heap Min Capacity: 100M
 Heap Initial Capacity: 100M
 Heap Max Capacity: 1G
 Pre-touch: Disabled
 Parallel Workers: 8
Heap:
 PSYoungGen      total 5632K, used 4342K [0x00000000eab00000, 0x00000000eb380000, 0x0000000100000000)
  eden space 3072K, 66% used [0x00000000eab00000,0x00000000ead01b08,0x00000000eae00000)
  from space 2560K, 89% used [0x00000000eb100000,0x00000000eb33c000,0x00000000eb380000)
  to   space 2560K, 0% used [0x00000000eae80000,0x00000000eae80000,0x00000000eb100000)
 ParOldGen       total 287744K, used 287366K [0x00000000c0000000, 0x00000000d1900000, 0x00000000eab00000)
  object space 287744K, 99% used [0x00000000c0000000,0x00000000d18a1868,0x00000000d1900000)
 Metaspace       used 73206K, committed 74624K, reserved 1179648K
  class space    used 7581K, committed 8192K, reserved 1048576K
GC Heap History (20 events):
Event: 685.170 GC heap before
{Heap before GC invocations=522 (full 4):
 PSYoungGen      total 3584K, used 3136K [0x00000000eab00000, 0x00000000eb000000, 0x0000000100000000)
  eden space 2048K, 100% used [0x00000000eab00000,0x00000000ead00000,0x00000000ead00000)
  from space 1536K, 70% used [0x00000000eae80000,0x00000000eaf90010,0x00000000eb000000)
  to   space 1536K, 0% used [0x00000000ead00000,0x00000000ead00000,0x00000000eae80000)
 ParOldGen       total 278016K, used 277812K [0x00000000c0000000, 0x00000000d0f80000, 0x00000000eab00000)
  object space 278016K, 99% used [0x00000000c0000000,0x00000000d0f4d3a8,0x00000000d0f80000)
 Metaspace       used 73171K, committed 74624K, reserved 1179648K
  class space    used 7581K, committed 8192K, reserved 1048576K
}
Event: 685.175 GC heap after
{Heap after GC invocations=522 (full 4):
 PSYoungGen      total 3584K, used 432K [0x00000000eab00000, 0x00000000eaf80000, 0x0000000100000000)
  eden space 2048K, 0% used [0x00000000eab00000,0x00000000eab00000,0x00000000ead00000)
  from space 1536K, 28% used [0x00000000ead00000,0x00000000ead6c010,0x00000000eae80000)
  to   space 1024K, 0% used [0x00000000eae80000,0x00000000eae80000,0x00000000eaf80000)
 ParOldGen       total 279040K, used 278708K [0x00000000c0000000, 0x00000000d1080000, 0x00000000eab00000)
  object space 279040K, 99% used [0x00000000c0000000,0x00000000d102d3a8,0x00000000d1080000)
 Metaspace       used 73171K, committed 74624K, reserved 1179648K
  class space    used 7581K, committed 8192K, reserved 1048576K
}
Event: 685.619 GC heap before
{Heap before GC invocations=523 (full 4):
 PSYoungGen      total 3584K, used 2480K [0x00000000eab00000, 0x00000000eaf80000, 0x0000000100000000)
  eden space 2048K, 100% used [0x00000000eab00000,0x00000000ead00000,0x00000000ead00000)
  from space 1536K, 28% used [0x00000000ead00000,0x00000000ead6c010,0x00000000eae80000)
  to   space 1024K, 0% used [0x00000000eae80000,0x00000000eae80000,0x00000000eaf80000)
 ParOldGen       total 279040K, used 278708K [0x00000000c0000000, 0x00000000d1080000, 0x00000000eab00000)
  object space 279040K, 99% used [0x00000000c0000000,0x00000000d102d3a8,0x00000000d1080000)
 Metaspace       used 73176K, committed 74624K, reserved 1179648K
  class space    used 7581K, committed 8192K, reserved 1048576K
}
Event: 685.621 GC heap after
{Heap after GC invocations=523 (full 4):
 PSYoungGen      total 3072K, used 544K [0x00000000eab00000, 0x00000000eaf80000, 0x0000000100000000)
  eden space 2048K, 0% used [0x00000000eab00000,0x00000000eab00000,0x00000000ead00000)
  from space 1024K, 53% used [0x00000000eae80000,0x00000000eaf08020,0x00000000eaf80000)
  to   space 1024K, 0% used [0x00000000ead80000,0x00000000ead80000,0x00000000eae80000)
 ParOldGen       total 279040K, used 278852K [0x00000000c0000000, 0x00000000d1080000, 0x00000000eab00000)
  object space 279040K, 99% used [0x00000000c0000000,0x00000000d10513a8,0x00000000d1080000)
 Metaspace       used 73176K, committed 74624K, reserved 1179648K
  class space    used 7581K, committed 8192K, reserved 1048576K
}
Event: 686.130 GC heap before
{Heap before GC invocations=524 (full 4):
 PSYoungGen      total 3072K, used 2592K [0x00000000eab00000, 0x00000000eaf80000, 0x0000000100000000)
  eden space 2048K, 100% used [0x00000000eab00000,0x00000000ead00000,0x00000000ead00000)
  from space 1024K, 53% used [0x00000000eae80000,0x00000000eaf08020,0x00000000eaf80000)
  to   space 1024K, 0% used [0x00000000ead80000,0x00000000ead80000,0x00000000eae80000)
 ParOldGen       total 279040K, used 278852K [0x00000000c0000000, 0x00000000d1080000, 0x00000000eab00000)
  object space 279040K, 99% used [0x00000000c0000000,0x00000000d10513a8,0x00000000d1080000)
 Metaspace       used 73204K, committed 74624K, reserved 1179648K
  class space    used 7581K, committed 8192K, reserved 1048576K
}
Event: 686.132 GC heap after
{Heap after GC invocations=524 (full 4):
 PSYoungGen      total 3072K, used 192K [0x00000000eab00000, 0x00000000eaf00000, 0x0000000100000000)
  eden space 2048K, 0% used [0x00000000eab00000,0x00000000eab00000,0x00000000ead00000)
  from space 1024K, 18% used [0x00000000ead80000,0x00000000eadb0000,0x00000000eae80000)
  to   space 512K, 0% used [0x00000000eae80000,0x00000000eae80000,0x00000000eaf00000)
 ParOldGen       total 279552K, used 279154K [0x00000000c0000000, 0x00000000d1100000, 0x00000000eab00000)
  object space 279552K, 99% used [0x00000000c0000000,0x00000000d109c838,0x00000000d1100000)
 Metaspace       used 73204K, committed 74624K, reserved 1179648K
  class space    used 7581K, committed 8192K, reserved 1048576K
}
Event: 686.140 GC heap before
{Heap before GC invocations=525 (full 4):
 PSYoungGen      total 3072K, used 2240K [0x00000000eab00000, 0x00000000eaf00000, 0x0000000100000000)
  eden space 2048K, 100% used [0x00000000eab00000,0x00000000ead00000,0x00000000ead00000)
  from space 1024K, 18% used [0x00000000ead80000,0x00000000eadb0000,0x00000000eae80000)
  to   space 512K, 0% used [0x00000000eae80000,0x00000000eae80000,0x00000000eaf00000)
 ParOldGen       total 279552K, used 279154K [0x00000000c0000000, 0x00000000d1100000, 0x00000000eab00000)
  object space 279552K, 99% used [0x00000000c0000000,0x00000000d109c838,0x00000000d1100000)
 Metaspace       used 73204K, committed 74624K, reserved 1179648K
  class space    used 7581K, committed 8192K, reserved 1048576K
}
Event: 686.144 GC heap after
{Heap after GC invocations=525 (full 4):
 PSYoungGen      total 1536K, used 485K [0x00000000eab00000, 0x00000000eb200000, 0x0000000100000000)
  eden space 1024K, 0% used [0x00000000eab00000,0x00000000eab00000,0x00000000eac00000)
  from space 512K, 94% used [0x00000000eae80000,0x00000000eaef9678,0x00000000eaf00000)
  to   space 2560K, 0% used [0x00000000eac00000,0x00000000eac00000,0x00000000eae80000)
 ParOldGen       total 280576K, used 280463K [0x00000000c0000000, 0x00000000d1200000, 0x00000000eab00000)
  object space 280576K, 99% used [0x00000000c0000000,0x00000000d11e3eb0,0x00000000d1200000)
 Metaspace       used 73204K, committed 74624K, reserved 1179648K
  class space    used 7581K, committed 8192K, reserved 1048576K
}
Event: 686.146 GC heap before
{Heap before GC invocations=526 (full 4):
 PSYoungGen      total 1536K, used 1509K [0x00000000eab00000, 0x00000000eb200000, 0x0000000100000000)
  eden space 1024K, 99% used [0x00000000eab00000,0x00000000eabfff98,0x00000000eac00000)
  from space 512K, 94% used [0x00000000eae80000,0x00000000eaef9678,0x00000000eaf00000)
  to   space 2560K, 0% used [0x00000000eac00000,0x00000000eac00000,0x00000000eae80000)
 ParOldGen       total 280576K, used 280463K [0x00000000c0000000, 0x00000000d1200000, 0x00000000eab00000)
  object space 280576K, 99% used [0x00000000c0000000,0x00000000d11e3eb0,0x00000000d1200000)
 Metaspace       used 73204K, committed 74624K, reserved 1179648K
  class space    used 7581K, committed 8192K, reserved 1048576K
}
Event: 686.149 GC heap after
{Heap after GC invocations=526 (full 4):
 PSYoungGen      total 2560K, used 1088K [0x00000000eab00000, 0x00000000eaf80000, 0x0000000100000000)
  eden space 1024K, 0% used [0x00000000eab00000,0x00000000eab00000,0x00000000eac00000)
  from space 1536K, 70% used [0x00000000eac00000,0x00000000ead10000,0x00000000ead80000)
  to   space 1536K, 0% used [0x00000000eae00000,0x00000000eae00000,0x00000000eaf80000)
 ParOldGen       total 281088K, used 280957K [0x00000000c0000000, 0x00000000d1280000, 0x00000000eab00000)
  object space 281088K, 99% used [0x00000000c0000000,0x00000000d125f528,0x00000000d1280000)
 Metaspace       used 73204K, committed 74624K, reserved 1179648K
  class space    used 7581K, committed 8192K, reserved 1048576K
}
Event: 686.152 GC heap before
{Heap before GC invocations=527 (full 4):
 PSYoungGen      total 2560K, used 2112K [0x00000000eab00000, 0x00000000eaf80000, 0x0000000100000000)
  eden space 1024K, 100% used [0x00000000eab00000,0x00000000eac00000,0x00000000eac00000)
  from space 1536K, 70% used [0x00000000eac00000,0x00000000ead10000,0x00000000ead80000)
  to   space 1536K, 0% used [0x00000000eae00000,0x00000000eae00000,0x00000000eaf80000)
 ParOldGen       total 281088K, used 280957K [0x00000000c0000000, 0x00000000d1280000, 0x00000000eab00000)
  object space 281088K, 99% used [0x00000000c0000000,0x00000000d125f528,0x00000000d1280000)
 Metaspace       used 73204K, committed 74624K, reserved 1179648K
  class space    used 7581K, committed 8192K, reserved 1048576K
}
Event: 686.155 GC heap after
{Heap after GC invocations=527 (full 4):
 PSYoungGen      total 3072K, used 1152K [0x00000000eab00000, 0x00000000eaf80000, 0x0000000100000000)
  eden space 1536K, 0% used [0x00000000eab00000,0x00000000eab00000,0x00000000eac80000)
  from space 1536K, 75% used [0x00000000eae00000,0x00000000eaf20000,0x00000000eaf80000)
  to   space 1536K, 0% used [0x00000000eac80000,0x00000000eac80000,0x00000000eae00000)
 ParOldGen       total 282112K, used 281973K [0x00000000c0000000, 0x00000000d1380000, 0x00000000eab00000)
  object space 282112K, 99% used [0x00000000c0000000,0x00000000d135d528,0x00000000d1380000)
 Metaspace       used 73204K, committed 74624K, reserved 1179648K
  class space    used 7581K, committed 8192K, reserved 1048576K
}
Event: 686.163 GC heap before
{Heap before GC invocations=528 (full 4):
 PSYoungGen      total 3072K, used 2688K [0x00000000eab00000, 0x00000000eaf80000, 0x0000000100000000)
  eden space 1536K, 100% used [0x00000000eab00000,0x00000000eac80000,0x00000000eac80000)
  from space 1536K, 75% used [0x00000000eae00000,0x00000000eaf20000,0x00000000eaf80000)
  to   space 1536K, 0% used [0x00000000eac80000,0x00000000eac80000,0x00000000eae00000)
 ParOldGen       total 282112K, used 281973K [0x00000000c0000000, 0x00000000d1380000, 0x00000000eab00000)
  object space 282112K, 99% used [0x00000000c0000000,0x00000000d135d528,0x00000000d1380000)
 Metaspace       used 73204K, committed 74624K, reserved 1179648K
  class space    used 7581K, committed 8192K, reserved 1048576K
}
Event: 686.168 GC heap after
{Heap after GC invocations=528 (full 4):
 PSYoungGen      total 3072K, used 1524K [0x00000000eab00000, 0x00000000eb100000, 0x0000000100000000)
  eden space 1536K, 0% used [0x00000000eab00000,0x00000000eab00000,0x00000000eac80000)
  from space 1536K, 99% used [0x00000000eac80000,0x00000000eadfd000,0x00000000eae00000)
  to   space 2048K, 0% used [0x00000000eaf00000,0x00000000eaf00000,0x00000000eb100000)
 ParOldGen       total 283136K, used 282981K [0x00000000c0000000, 0x00000000d1480000, 0x00000000eab00000)
  object space 283136K, 99% used [0x00000000c0000000,0x00000000d1459528,0x00000000d1480000)
 Metaspace       used 73204K, committed 74624K, reserved 1179648K
  class space    used 7581K, committed 8192K, reserved 1048576K
}
Event: 686.173 GC heap before
{Heap before GC invocations=529 (full 4):
 PSYoungGen      total 3072K, used 2809K [0x00000000eab00000, 0x00000000eb100000, 0x0000000100000000)
  eden space 1536K, 83% used [0x00000000eab00000,0x00000000eac41530,0x00000000eac80000)
  from space 1536K, 99% used [0x00000000eac80000,0x00000000eadfd000,0x00000000eae00000)
  to   space 2048K, 0% used [0x00000000eaf00000,0x00000000eaf00000,0x00000000eb100000)
 ParOldGen       total 283136K, used 282981K [0x00000000c0000000, 0x00000000d1480000, 0x00000000eab00000)
  object space 283136K, 99% used [0x00000000c0000000,0x00000000d1459528,0x00000000d1480000)
 Metaspace       used 73204K, committed 74624K, reserved 1179648K
  class space    used 7581K, committed 8192K, reserved 1048576K
}
Event: 686.176 GC heap after
{Heap after GC invocations=529 (full 4):
 PSYoungGen      total 3584K, used 1184K [0x00000000eab00000, 0x00000000eb080000, 0x0000000100000000)
  eden space 2048K, 0% used [0x00000000eab00000,0x00000000eab00000,0x00000000ead00000)
  from space 1536K, 77% used [0x00000000eaf00000,0x00000000eb028000,0x00000000eb080000)
  to   space 1536K, 0% used [0x00000000ead80000,0x00000000ead80000,0x00000000eaf00000)
 ParOldGen       total 284672K, used 284349K [0x00000000c0000000, 0x00000000d1600000, 0x00000000eab00000)
  object space 284672K, 99% used [0x00000000c0000000,0x00000000d15af528,0x00000000d1600000)
 Metaspace       used 73204K, committed 74624K, reserved 1179648K
  class space    used 7581K, committed 8192K, reserved 1048576K
}
Event: 686.202 GC heap before
{Heap before GC invocations=530 (full 4):
 PSYoungGen      total 3584K, used 3232K [0x00000000eab00000, 0x00000000eb080000, 0x0000000100000000)
  eden space 2048K, 100% used [0x00000000eab00000,0x00000000ead00000,0x00000000ead00000)
  from space 1536K, 77% used [0x00000000eaf00000,0x00000000eb028000,0x00000000eb080000)
  to   space 1536K, 0% used [0x00000000ead80000,0x00000000ead80000,0x00000000eaf00000)
 ParOldGen       total 284672K, used 284349K [0x00000000c0000000, 0x00000000d1600000, 0x00000000eab00000)
  object space 284672K, 99% used [0x00000000c0000000,0x00000000d15af528,0x00000000d1600000)
 Metaspace       used 73204K, committed 74624K, reserved 1179648K
  class space    used 7581K, committed 8192K, reserved 1048576K
}
Event: 686.205 GC heap after
{Heap after GC invocations=530 (full 4):
 PSYoungGen      total 4096K, used 1525K [0x00000000eab00000, 0x00000000eb480000, 0x0000000100000000)
  eden space 2560K, 0% used [0x00000000eab00000,0x00000000eab00000,0x00000000ead80000)
  from space 1536K, 99% used [0x00000000ead80000,0x00000000eaefd780,0x00000000eaf00000)
  to   space 3584K, 0% used [0x00000000eb100000,0x00000000eb100000,0x00000000eb480000)
 ParOldGen       total 285696K, used 285653K [0x00000000c0000000, 0x00000000d1700000, 0x00000000eab00000)
  object space 285696K, 99% used [0x00000000c0000000,0x00000000d16f5528,0x00000000d1700000)
 Metaspace       used 73204K, committed 74624K, reserved 1179648K
  class space    used 7581K, committed 8192K, reserved 1048576K
}
Event: 686.212 GC heap before
{Heap before GC invocations=531 (full 4):
 PSYoungGen      total 4096K, used 3927K [0x00000000eab00000, 0x00000000eb480000, 0x0000000100000000)
  eden space 2560K, 93% used [0x00000000eab00000,0x00000000ead587c0,0x00000000ead80000)
  from space 1536K, 99% used [0x00000000ead80000,0x00000000eaefd780,0x00000000eaf00000)
  to   space 3584K, 0% used [0x00000000eb100000,0x00000000eb100000,0x00000000eb480000)
 ParOldGen       total 285696K, used 285653K [0x00000000c0000000, 0x00000000d1700000, 0x00000000eab00000)
  object space 285696K, 99% used [0x00000000c0000000,0x00000000d16f5528,0x00000000d1700000)
 Metaspace       used 73204K, committed 74624K, reserved 1179648K
  class space    used 7581K, committed 8192K, reserved 1048576K
}
Event: 686.216 GC heap after
{Heap after GC invocations=531 (full 4):
 PSYoungGen      total 5632K, used 2288K [0x00000000eab00000, 0x00000000eb380000, 0x0000000100000000)
  eden space 3072K, 0% used [0x00000000eab00000,0x00000000eab00000,0x00000000eae00000)
  from space 2560K, 89% used [0x00000000eb100000,0x00000000eb33c000,0x00000000eb380000)
  to   space 2560K, 0% used [0x00000000eae80000,0x00000000eae80000,0x00000000eb100000)
 ParOldGen       total 287744K, used 287366K [0x00000000c0000000, 0x00000000d1900000, 0x00000000eab00000)
  object space 287744K, 99% used [0x00000000c0000000,0x00000000d18a1868,0x00000000d1900000)
 Metaspace       used 73204K, committed 74624K, reserved 1179648K
  class space    used 7581K, committed 8192K, reserved 1048576K
}

